 res   #    chn   atoms   net charge  non-integral charge
C5'   1           28      0.000
G     2           33     -1.000
C     3           30     -1.000
G     4           33     -1.000
A     5           32     -1.000
A     6           32     -1.000
T     7           32     -1.000
T     8           32     -1.000
C     9           30     -1.000
G     10          33     -1.000
C     11          30     -1.000
G3'   12          34     -1.000
C5'   13          28      0.000
G     14          33     -1.000
C     15          30     -1.000
G     16          33     -1.000
A     17          32     -1.000
A     18          32     -1.000
T     19          32     -1.000
T     20          32     -1.000
C     21          30     -1.000
G     22          33     -1.000
C     23          30     -1.000
G3'   24          34     -1.000
D     26          38      2.000
 total charge:  -20.
 number of residues with non-integral charge:  0
