 res   #    chn   atoms   net charge  non-integral charge
ILE   1           21      0.000
VAL   2           16      0.000
GLY   3            7      0.000
GLY   4            7      0.000
TYR   5           21      0.000
THR   6           14      0.000
CYS   7           10      0.000
GLN   8           17      0.000
GLU   9           15      0.000
ASN   10          14      0.000
SER   11          11      0.000
VAL   12          16      0.000
PRO   13          14      0.000
TYR   14          21      0.000
GLN   15          17      0.000
VAL   16          16      0.000
SER   17          11      0.000
LEU   18          19      0.000
ASN   19          14      0.000
SER   20          11      0.000
GLY   21           7      0.000
TYR   22          21      0.000
HIS   23          17      0.000
PHE   24          20      0.000
CYS   25          10      0.000
GLY   26           7      0.000
GLY   27           7      0.000
SER   28          11      0.000
LEU   29          19      0.000
ILE   30          19      0.000
ASN   31          14      0.000
ASP   32          12      0.000
GLN   33          17      0.000
TRP   34          24      0.000
VAL   35          16      0.000
VAL   36          16      0.000
SER   37          11      0.000
ALA   38          10      0.000
ALA   39          10      0.000
HIS   40          17      0.000
CYS   41          10      0.000
TYR   42          21      0.000
LYS   43          22      0.000
SER   44          11      0.000
ARG   45          24      0.000
ILE   46          19      0.000
GLN   47          17      0.000
VAL   48          16      0.000
ARG   49          24      0.000
LEU   50          19      0.000
GLY   51           7      0.000
GLU   52          15      0.000
HIS   53          17      0.000
ASN   54          14      0.000
ILE   55          19      0.000
ASN   56          14      0.000
VAL   57          16      0.000
LEU   58          19      0.000
GLU   59          15      0.000
GLY   60           7      0.000
ASN   61          14      0.000
GLU   62          15      0.000
GLN   63          17      0.000
PHE   64          20      0.000
VAL   65          16      0.000
ASN   66          14      0.000
ALA   67          10      0.000
ALA   68          10      0.000
LYS   69          22      0.000
ILE   70          19      0.000
ILE   71          19      0.000
LYS   72          22      0.000
HIS   73          17      0.000
PRO   74          14      0.000
ASN   75          14      0.000
PHE   76          20      0.000
ASP   77          12      0.000
ARG   78          24      0.000
LYS   79          22      0.000
THR   80          14      0.000
LEU   81          19      0.000
ASN   82          14      0.000
ASN   83          14      0.000
ASP   84          12      0.000
ILE   85          19      0.000
MET   86          17      0.000
LEU   87          19      0.000
ILE   88          19      0.000
LYS   89          22      0.000
LEU   90          19      0.000
SER   91          11      0.000
SER   92          11      0.000
PRO   93          14      0.000
VAL   94          16      0.000
LYS   95          22      0.000
LEU   96          19      0.000
ASN   97          14      0.000
ALA   98          10      0.000
ARG   99          24      0.000
VAL   100         16      0.000
ALA   101         10      0.000
THR   102         14      0.000
VAL   103         16      0.000
ALA   104         10      0.000
LEU   105         19      0.000
PRO   106         14      0.000
SER   107         11      0.000
SER   108         11      0.000
CYS   109         10      0.000
ALA   110         10      0.000
PRO   111         14      0.000
ALA   112         10      0.000
GLY   113          7      0.000
THR   114         14      0.000
GLN   115         17      0.000
CYS   116         10      0.000
LEU   117         19      0.000
ILE   118         19      0.000
SER   119         11      0.000
GLY   120          7      0.000
TRP   121         24      0.000
GLY   122          7      0.000
ASN   123         14      0.000
THR   124         14      0.000
LEU   125         19      0.000
SER   126         11      0.000
SER   127         11      0.000
GLY   128          7      0.000
VAL   129         16      0.000
ASN   130         14      0.000
GLU   131         15      0.000
PRO   132         14      0.000
ASP   133         12      0.000
LEU   134         19      0.000
LEU   135         19      0.000
GLN   136         17      0.000
CYS   137         10      0.000
LEU   138         19      0.000
ASP   139         12      0.000
ALA   140         10      0.000
PRO   141         14      0.000
LEU   142         19      0.000
LEU   143         19      0.000
PRO   144         14      0.000
GLN   145         17      0.000
ALA   146         10      0.000
ASP   147         12      0.000
CYS   148         10      0.000
GLU   149         15      0.000
ALA   150         10      0.000
SER   151         11      0.000
TYR   152         21      0.000
PRO   153         14      0.000
GLY   154          7      0.000
LYS   155         22      0.000
ILE   156         19      0.000
THR   157         14      0.000
ASP   158         12      0.000
ASN   159         14      0.000
MET   160         17      0.000
VAL   161         16      0.000
CYS   162         10      0.000
VAL   163         16      0.000
GLY   164          7      0.000
PHE   165         20      0.000
LEU   166         19      0.000
GLU   167         15      0.000
GLY   168          7      0.000
GLY   169          7      0.000
LYS   170         22      0.000
ASP   171         12      0.000
SER   172         11      0.000
CYS   173         10      0.000
GLN   174         17      0.000
GLY   175          7      0.000
ASP   176         12      0.000
SER   177         11      0.000
GLY   178          7      0.000
GLY   179          7      0.000
PRO   180         14      0.000
VAL   181         16      0.000
VAL   182         16      0.000
CYS   183         10      0.000
ASN   184         14      0.000
GLY   185          7      0.000
GLU   186         15      0.000
LEU   187         19      0.000
GLN   188         17      0.000
GLY   189          7      0.000
ILE   190         19      0.000
VAL   191         16      0.000
SER   192         11      0.000
TRP   193         24      0.000
GLY   194          7      0.000
TYR   195         21      0.000
GLY   196          7      0.000
CYS   197         10      0.000
ALA   198         10      0.000
LEU   199         19      0.000
PRO   200         14      0.000
ASP   201         12      0.000
ASN   202         14      0.000
PRO   203         14      0.000
GLY   204          7      0.000
VAL   205         16      0.000
TYR   206         21      0.000
THR   207         14      0.000
LYS   208         22      0.000
VAL   209         16      0.000
CYS   210         10      0.000
ASN   211         14      0.000
TYR   212         21      0.000
VAL   213         16      0.000
ASP   214         12      0.000
TRP   215         24      0.000
ILE   216         19      0.000
ALA   217         10      0.000
ASP   218         12      0.000
THR   219         14      0.000
ILE   220         19      0.000
ALA   221         10      0.000
ALA   222         10      0.000
ASN   223         15      0.000
 total charge:   0.0000000E+00
 number of residues with non-integral charge:            0
 res   #    chn   atoms   net charge  non-integral charge
ILE   1           21      0.000
VAL   2           16      0.000
GLY   3            7      0.000
GLY   4            7      0.000
TYR   5           21      0.000
THR   6           14      0.000
CYS   7           10      0.000
GLN   8           17      0.000
GLU   9           15      0.000
ASN   10          14      0.000
SER   11          11      0.000
VAL   12          16      0.000
PRO   13          14      0.000
TYR   14          21      0.000
GLN   15          17      0.000
VAL   16          16      0.000
SER   17          11      0.000
LEU   18          19      0.000
ASN   19          14      0.000
SER   20          11      0.000
GLY   21           7      0.000
TYR   22          21      0.000
HIS   23          17      0.000
PHE   24          20      0.000
CYS   25          10      0.000
GLY   26           7      0.000
GLY   27           7      0.000
SER   28          11      0.000
LEU   29          19      0.000
ILE   30          19      0.000
ASN   31          14      0.000
ASP   32          12      0.000
GLN   33          17      0.000
TRP   34          24      0.000
VAL   35          16      0.000
VAL   36          16      0.000
SER   37          11      0.000
ALA   38          10      0.000
ALA   39          10      0.000
HIS   40          17      0.000
CYS   41          10      0.000
TYR   42          21      0.000
LYS   43          22      0.000
SER   44          11      0.000
ARG   45          24      0.000
ILE   46          19      0.000
GLN   47          17      0.000
VAL   48          16      0.000
ARG   49          24      0.000
LEU   50          19      0.000
GLY   51           7      0.000
GLU   52          15      0.000
HIS   53          17      0.000
ASN   54          14      0.000
ILE   55          19      0.000
ASN   56          14      0.000
VAL   57          16      0.000
LEU   58          19      0.000
GLU   59          15      0.000
GLY   60           7      0.000
ASN   61          14      0.000
GLU   62          15      0.000
GLN   63          17      0.000
PHE   64          20      0.000
VAL   65          16      0.000
ASN   66          14      0.000
ALA   67          10      0.000
ALA   68          10      0.000
LYS   69          22      0.000
ILE   70          19      0.000
ILE   71          19      0.000
LYS   72          22      0.000
HIS   73          17      0.000
PRO   74          14      0.000
ASN   75          14      0.000
PHE   76          20      0.000
ASP   77          12      0.000
ARG   78          24      0.000
LYS   79          22      0.000
THR   80          14      0.000
LEU   81          19      0.000
ASN   82          14      0.000
ASN   83          14      0.000
ASP   84          12      0.000
ILE   85          19      0.000
MET   86          17      0.000
LEU   87          19      0.000
ILE   88          19      0.000
LYS   89          22      0.000
LEU   90          19      0.000
SER   91          11      0.000
SER   92          11      0.000
PRO   93          14      0.000
VAL   94          16      0.000
LYS   95          22      0.000
LEU   96          19      0.000
ASN   97          14      0.000
ALA   98          10      0.000
ARG   99          24      0.000
VAL   100         16      0.000
ALA   101         10      0.000
THR   102         14      0.000
VAL   103         16      0.000
ALA   104         10      0.000
LEU   105         19      0.000
PRO   106         14      0.000
SER   107         11      0.000
SER   108         11      0.000
CYS   109         10      0.000
ALA   110         10      0.000
PRO   111         14      0.000
ALA   112         10      0.000
GLY   113          7      0.000
THR   114         14      0.000
GLN   115         17      0.000
CYS   116         10      0.000
LEU   117         19      0.000
ILE   118         19      0.000
SER   119         11      0.000
GLY   120          7      0.000
TRP   121         24      0.000
GLY   122          7      0.000
ASN   123         14      0.000
THR   124         14      0.000
LEU   125         19      0.000
SER   126         11      0.000
SER   127         11      0.000
GLY   128          7      0.000
VAL   129         16      0.000
ASN   130         14      0.000
GLU   131         15      0.000
PRO   132         14      0.000
ASP   133         12      0.000
LEU   134         19      0.000
LEU   135         19      0.000
GLN   136         17      0.000
CYS   137         10      0.000
LEU   138         19      0.000
ASP   139         12      0.000
ALA   140         10      0.000
PRO   141         14      0.000
LEU   142         19      0.000
LEU   143         19      0.000
PRO   144         14      0.000
GLN   145         17      0.000
ALA   146         10      0.000
ASP   147         12      0.000
CYS   148         10      0.000
GLU   149         15      0.000
ALA   150         10      0.000
SER   151         11      0.000
TYR   152         21      0.000
PRO   153         14      0.000
GLY   154          7      0.000
LYS   155         22      0.000
ILE   156         19      0.000
THR   157         14      0.000
ASP   158         12      0.000
ASN   159         14      0.000
MET   160         17      0.000
VAL   161         16      0.000
CYS   162         10      0.000
VAL   163         16      0.000
GLY   164          7      0.000
PHE   165         20      0.000
LEU   166         19      0.000
GLU   167         15      0.000
GLY   168          7      0.000
GLY   169          7      0.000
LYS   170         22      0.000
ASP   171         12      0.000
SER   172         11      0.000
CYS   173         10      0.000
GLN   174         17      0.000
GLY   175          7      0.000
ASP   176         12      0.000
SER   177         11      0.000
GLY   178          7      0.000
GLY   179          7      0.000
PRO   180         14      0.000
VAL   181         16      0.000
VAL   182         16      0.000
CYS   183         10      0.000
ASN   184         14      0.000
GLY   185          7      0.000
GLU   186         15      0.000
LEU   187         19      0.000
GLN   188         17      0.000
GLY   189          7      0.000
ILE   190         19      0.000
VAL   191         16      0.000
SER   192         11      0.000
TRP   193         24      0.000
GLY   194          7      0.000
TYR   195         21      0.000
GLY   196          7      0.000
CYS   197         10      0.000
ALA   198         10      0.000
LEU   199         19      0.000
PRO   200         14      0.000
ASP   201         12      0.000
ASN   202         14      0.000
PRO   203         14      0.000
GLY   204          7      0.000
VAL   205         16      0.000
TYR   206         21      0.000
THR   207         14      0.000
LYS   208         22      0.000
VAL   209         16      0.000
CYS   210         10      0.000
ASN   211         14      0.000
TYR   212         21      0.000
VAL   213         16      0.000
ASP   214         12      0.000
TRP   215         24      0.000
ILE   216         19      0.000
ALA   217         10      0.000
ASP   218         12      0.000
THR   219         14      0.000
ILE   220         19      0.000
ALA   221         10      0.000
ALA   222         10      0.000
ASN   223         15      0.000
 total charge:   0.0000000E+00
 number of residues with non-integral charge:            0
